<?xml version="1.0" encoding="UTF-8"?>
<testng-results ignored="0" total="1" passed="1" failed="0" skipped="0">
  <reporter-output>
    <line>
      <![CDATA[running verify ETT]]>
    </line>
    <line>
      <![CDATA[logout to application]]>
    </line>
    <line>
      <![CDATA[close the app]]>
    </line>
  </reporter-output>
  <suite started-at="2022-08-24T09:27:25 IST" name="Default suite" finished-at="2022-08-24T09:27:46 IST" duration-ms="21011">
    <groups>
    </groups>
    <test started-at="2022-08-24T09:27:25 IST" name="Default test" finished-at="2022-08-24T09:27:46 IST" duration-ms="21011">
      <class name="POM_with_ddf_using_testNg.ActitimeTestPageT">
        <test-method is-config="true" signature="openBrowser()[pri:0, instance:POM_with_ddf_using_testNg.ActitimeTestPageT@550dbc7a]" started-at="2022-08-24T09:27:25 IST" name="openBrowser" finished-at="2022-08-24T09:27:35 IST" duration-ms="9162" status="PASS">
          <reporter-output>
          </reporter-output>
        </test-method> <!-- openBrowser -->
        <test-method is-config="true" signature="loginToApp()[pri:0, instance:POM_with_ddf_using_testNg.ActitimeTestPageT@550dbc7a]" started-at="2022-08-24T09:27:35 IST" name="loginToApp" finished-at="2022-08-24T09:27:38 IST" duration-ms="3441" status="PASS">
          <reporter-output>
            <line>
              <![CDATA[running verify ETT]]>
            </line>
          </reporter-output>
        </test-method> <!-- loginToApp -->
        <test-method signature="openBrowser()[pri:0, instance:POM_with_ddf_using_testNg.ActitimeTestPageT@550dbc7a]" started-at="2022-08-24T09:27:38 IST" name="openBrowser" finished-at="2022-08-24T09:27:46 IST" duration-ms="8356" status="PASS">
          <reporter-output>
          </reporter-output>
        </test-method> <!-- openBrowser -->
        <test-method is-config="true" signature="logoutApp()[pri:0, instance:POM_with_ddf_using_testNg.ActitimeTestPageT@550dbc7a]" started-at="2022-08-24T09:27:46 IST" name="logoutApp" finished-at="2022-08-24T09:27:46 IST" duration-ms="1" status="PASS">
          <reporter-output>
            <line>
              <![CDATA[logout to application]]>
            </line>
          </reporter-output>
        </test-method> <!-- logoutApp -->
        <test-method is-config="true" signature="closeBrowser()[pri:0, instance:POM_with_ddf_using_testNg.ActitimeTestPageT@550dbc7a]" started-at="2022-08-24T09:27:46 IST" name="closeBrowser" finished-at="2022-08-24T09:27:46 IST" duration-ms="0" status="PASS">
          <reporter-output>
            <line>
              <![CDATA[close the app]]>
            </line>
          </reporter-output>
        </test-method> <!-- closeBrowser -->
      </class> <!-- POM_with_ddf_using_testNg.ActitimeTestPageT -->
    </test> <!-- Default test -->
  </suite> <!-- Default suite -->
</testng-results>
